C:\Users\stas1\OneDrive\Рабочий стол\git\prj\PlantMarket\PlantMarketClient\dist\out-tsc\app\services\check-auth.service.js
C:\Users\stas1\OneDrive\Рабочий стол\git\prj\PlantMarket\PlantMarketClient\dist\out-tsc\app\services\check-auth.service.js.map
C:\Users\stas1\OneDrive\Рабочий стол\git\prj\PlantMarket\PlantMarketClient\dist\out-tsc\app\models\category.js
C:\Users\stas1\OneDrive\Рабочий стол\git\prj\PlantMarket\PlantMarketClient\dist\out-tsc\app\models\category.js.map
C:\Users\stas1\OneDrive\Рабочий стол\git\prj\PlantMarket\PlantMarketClient\dist\out-tsc\app\models\plant.js
C:\Users\stas1\OneDrive\Рабочий стол\git\prj\PlantMarket\PlantMarketClient\dist\out-tsc\app\models\plant.js.map
C:\Users\stas1\OneDrive\Рабочий стол\git\prj\PlantMarket\PlantMarketClient\dist\out-tsc\app\models\orderedPlant.js
C:\Users\stas1\OneDrive\Рабочий стол\git\prj\PlantMarket\PlantMarketClient\dist\out-tsc\app\models\orderedPlant.js.map
C:\Users\stas1\OneDrive\Рабочий стол\git\prj\PlantMarket\PlantMarketClient\dist\out-tsc\app\models\order.js
C:\Users\stas1\OneDrive\Рабочий стол\git\prj\PlantMarket\PlantMarketClient\dist\out-tsc\app\models\order.js.map
C:\Users\stas1\OneDrive\Рабочий стол\git\prj\PlantMarket\PlantMarketClient\dist\out-tsc\app\models\role.js
C:\Users\stas1\OneDrive\Рабочий стол\git\prj\PlantMarket\PlantMarketClient\dist\out-tsc\app\models\role.js.map
C:\Users\stas1\OneDrive\Рабочий стол\git\prj\PlantMarket\PlantMarketClient\dist\out-tsc\app\models\shopCartItem.js
C:\Users\stas1\OneDrive\Рабочий стол\git\prj\PlantMarket\PlantMarketClient\dist\out-tsc\app\models\shopCartItem.js.map
C:\Users\stas1\OneDrive\Рабочий стол\git\prj\PlantMarket\PlantMarketClient\dist\out-tsc\app\models\shopCart.js
C:\Users\stas1\OneDrive\Рабочий стол\git\prj\PlantMarket\PlantMarketClient\dist\out-tsc\app\models\shopCart.js.map
C:\Users\stas1\OneDrive\Рабочий стол\git\prj\PlantMarket\PlantMarketClient\dist\out-tsc\app\models\user.js
C:\Users\stas1\OneDrive\Рабочий стол\git\prj\PlantMarket\PlantMarketClient\dist\out-tsc\app\models\user.js.map
C:\Users\stas1\OneDrive\Рабочий стол\git\prj\PlantMarket\PlantMarketClient\dist\out-tsc\app\services\user.service.js
C:\Users\stas1\OneDrive\Рабочий стол\git\prj\PlantMarket\PlantMarketClient\dist\out-tsc\app\services\user.service.js.map
C:\Users\stas1\OneDrive\Рабочий стол\git\prj\PlantMarket\PlantMarketClient\dist\out-tsc\app\auth\models\login-data.js
C:\Users\stas1\OneDrive\Рабочий стол\git\prj\PlantMarket\PlantMarketClient\dist\out-tsc\app\auth\models\login-data.js.map
C:\Users\stas1\OneDrive\Рабочий стол\git\prj\PlantMarket\PlantMarketClient\dist\out-tsc\app\auth\models\register-data.js
C:\Users\stas1\OneDrive\Рабочий стол\git\prj\PlantMarket\PlantMarketClient\dist\out-tsc\app\auth\models\register-data.js.map
C:\Users\stas1\OneDrive\Рабочий стол\git\prj\PlantMarket\PlantMarketClient\dist\out-tsc\app\auth\services\auth.service.js
C:\Users\stas1\OneDrive\Рабочий стол\git\prj\PlantMarket\PlantMarketClient\dist\out-tsc\app\auth\services\auth.service.js.map
C:\Users\stas1\OneDrive\Рабочий стол\git\prj\PlantMarket\PlantMarketClient\dist\out-tsc\app\auth\components\login\login.component.js
C:\Users\stas1\OneDrive\Рабочий стол\git\prj\PlantMarket\PlantMarketClient\dist\out-tsc\app\auth\components\login\login.component.js.map
C:\Users\stas1\OneDrive\Рабочий стол\git\prj\PlantMarket\PlantMarketClient\dist\out-tsc\app\auth\components\register\register.component.js
C:\Users\stas1\OneDrive\Рабочий стол\git\prj\PlantMarket\PlantMarketClient\dist\out-tsc\app\auth\components\register\register.component.js.map
C:\Users\stas1\OneDrive\Рабочий стол\git\prj\PlantMarket\PlantMarketClient\dist\out-tsc\app\services\plant.service.js
C:\Users\stas1\OneDrive\Рабочий стол\git\prj\PlantMarket\PlantMarketClient\dist\out-tsc\app\services\plant.service.js.map
C:\Users\stas1\OneDrive\Рабочий стол\git\prj\PlantMarket\PlantMarketClient\dist\out-tsc\app\components\home\home.component.js
C:\Users\stas1\OneDrive\Рабочий стол\git\prj\PlantMarket\PlantMarketClient\dist\out-tsc\app\components\home\home.component.js.map
C:\Users\stas1\OneDrive\Рабочий стол\git\prj\PlantMarket\PlantMarketClient\dist\out-tsc\app\services\shop-cart.service.js
C:\Users\stas1\OneDrive\Рабочий стол\git\prj\PlantMarket\PlantMarketClient\dist\out-tsc\app\services\shop-cart.service.js.map
C:\Users\stas1\OneDrive\Рабочий стол\git\prj\PlantMarket\PlantMarketClient\dist\out-tsc\app\components\shopcart\shopcart.component.js
C:\Users\stas1\OneDrive\Рабочий стол\git\prj\PlantMarket\PlantMarketClient\dist\out-tsc\app\components\shopcart\shopcart.component.js.map
C:\Users\stas1\OneDrive\Рабочий стол\git\prj\PlantMarket\PlantMarketClient\dist\out-tsc\app\app-routing.module.js
C:\Users\stas1\OneDrive\Рабочий стол\git\prj\PlantMarket\PlantMarketClient\dist\out-tsc\app\app-routing.module.js.map
C:\Users\stas1\OneDrive\Рабочий стол\git\prj\PlantMarket\PlantMarketClient\dist\out-tsc\app\app.component.js
C:\Users\stas1\OneDrive\Рабочий стол\git\prj\PlantMarket\PlantMarketClient\dist\out-tsc\app\app.component.js.map
C:\Users\stas1\OneDrive\Рабочий стол\git\prj\PlantMarket\PlantMarketClient\dist\out-tsc\app\services\category.service.js
C:\Users\stas1\OneDrive\Рабочий стол\git\prj\PlantMarket\PlantMarketClient\dist\out-tsc\app\services\category.service.js.map
C:\Users\stas1\OneDrive\Рабочий стол\git\prj\PlantMarket\PlantMarketClient\dist\out-tsc\app\components\edit-profile\edit-profile.component.js
C:\Users\stas1\OneDrive\Рабочий стол\git\prj\PlantMarket\PlantMarketClient\dist\out-tsc\app\components\edit-profile\edit-profile.component.js.map
C:\Users\stas1\OneDrive\Рабочий стол\git\prj\PlantMarket\PlantMarketClient\dist\out-tsc\app\services\order.service.js
C:\Users\stas1\OneDrive\Рабочий стол\git\prj\PlantMarket\PlantMarketClient\dist\out-tsc\app\services\order.service.js.map
C:\Users\stas1\OneDrive\Рабочий стол\git\prj\PlantMarket\PlantMarketClient\dist\out-tsc\app\components\order\order.component.js
C:\Users\stas1\OneDrive\Рабочий стол\git\prj\PlantMarket\PlantMarketClient\dist\out-tsc\app\components\order\order.component.js.map
C:\Users\stas1\OneDrive\Рабочий стол\git\prj\PlantMarket\PlantMarketClient\dist\out-tsc\app\components\admin-dialogd\add-new-plant\add-new-plant.component.js
C:\Users\stas1\OneDrive\Рабочий стол\git\prj\PlantMarket\PlantMarketClient\dist\out-tsc\app\components\admin-dialogd\add-new-plant\add-new-plant.component.js.map
C:\Users\stas1\OneDrive\Рабочий стол\git\prj\PlantMarket\PlantMarketClient\dist\out-tsc\app\components\admin-dialogd\add-new-category\add-new-category.component.js
C:\Users\stas1\OneDrive\Рабочий стол\git\prj\PlantMarket\PlantMarketClient\dist\out-tsc\app\components\admin-dialogd\add-new-category\add-new-category.component.js.map
C:\Users\stas1\OneDrive\Рабочий стол\git\prj\PlantMarket\PlantMarketClient\dist\out-tsc\app\components\nav\nav.component.js
C:\Users\stas1\OneDrive\Рабочий стол\git\prj\PlantMarket\PlantMarketClient\dist\out-tsc\app\components\nav\nav.component.js.map
C:\Users\stas1\OneDrive\Рабочий стол\git\prj\PlantMarket\PlantMarketClient\dist\out-tsc\app\components\plant\plant.component.js
C:\Users\stas1\OneDrive\Рабочий стол\git\prj\PlantMarket\PlantMarketClient\dist\out-tsc\app\components\plant\plant.component.js.map
C:\Users\stas1\OneDrive\Рабочий стол\git\prj\PlantMarket\PlantMarketClient\dist\out-tsc\app\components\list-of-plants\list-of-plants.component.js
C:\Users\stas1\OneDrive\Рабочий стол\git\prj\PlantMarket\PlantMarketClient\dist\out-tsc\app\components\list-of-plants\list-of-plants.component.js.map
C:\Users\stas1\OneDrive\Рабочий стол\git\prj\PlantMarket\PlantMarketClient\dist\out-tsc\app\app.module.js
C:\Users\stas1\OneDrive\Рабочий стол\git\prj\PlantMarket\PlantMarketClient\dist\out-tsc\app\app.module.js.map
C:\Users\stas1\OneDrive\Рабочий стол\git\prj\PlantMarket\PlantMarketClient\dist\out-tsc\environments\environment.js
C:\Users\stas1\OneDrive\Рабочий стол\git\prj\PlantMarket\PlantMarketClient\dist\out-tsc\environments\environment.js.map
C:\Users\stas1\OneDrive\Рабочий стол\git\prj\PlantMarket\PlantMarketClient\dist\out-tsc\main.js
C:\Users\stas1\OneDrive\Рабочий стол\git\prj\PlantMarket\PlantMarketClient\dist\out-tsc\main.js.map
C:\Users\stas1\OneDrive\Рабочий стол\git\prj\PlantMarket\PlantMarketClient\dist\out-tsc\polyfills.js
C:\Users\stas1\OneDrive\Рабочий стол\git\prj\PlantMarket\PlantMarketClient\dist\out-tsc\polyfills.js.map
C:\Users\stas1\OneDrive\Рабочий стол\git\prj\PlantMarket\PlantMarketClient\dist\out-tsc\test.js
C:\Users\stas1\OneDrive\Рабочий стол\git\prj\PlantMarket\PlantMarketClient\dist\out-tsc\test.js.map
C:\Users\stas1\OneDrive\Рабочий стол\git\prj\PlantMarket\PlantMarketClient\dist\out-tsc\app\app.component.spec.js
C:\Users\stas1\OneDrive\Рабочий стол\git\prj\PlantMarket\PlantMarketClient\dist\out-tsc\app\app.component.spec.js.map
C:\Users\stas1\OneDrive\Рабочий стол\git\prj\PlantMarket\PlantMarketClient\dist\out-tsc\app\auth\components\login\login.component.spec.js
C:\Users\stas1\OneDrive\Рабочий стол\git\prj\PlantMarket\PlantMarketClient\dist\out-tsc\app\auth\components\login\login.component.spec.js.map
C:\Users\stas1\OneDrive\Рабочий стол\git\prj\PlantMarket\PlantMarketClient\dist\out-tsc\app\auth\components\register\register.component.spec.js
C:\Users\stas1\OneDrive\Рабочий стол\git\prj\PlantMarket\PlantMarketClient\dist\out-tsc\app\auth\components\register\register.component.spec.js.map
C:\Users\stas1\OneDrive\Рабочий стол\git\prj\PlantMarket\PlantMarketClient\dist\out-tsc\app\auth\services\auth.service.spec.js
C:\Users\stas1\OneDrive\Рабочий стол\git\prj\PlantMarket\PlantMarketClient\dist\out-tsc\app\auth\services\auth.service.spec.js.map
C:\Users\stas1\OneDrive\Рабочий стол\git\prj\PlantMarket\PlantMarketClient\dist\out-tsc\app\components\admin-dialogd\add-new-category\add-new-category.component.spec.js
C:\Users\stas1\OneDrive\Рабочий стол\git\prj\PlantMarket\PlantMarketClient\dist\out-tsc\app\components\admin-dialogd\add-new-category\add-new-category.component.spec.js.map
C:\Users\stas1\OneDrive\Рабочий стол\git\prj\PlantMarket\PlantMarketClient\dist\out-tsc\app\components\admin-dialogd\add-new-plant\add-new-plant.component.spec.js
C:\Users\stas1\OneDrive\Рабочий стол\git\prj\PlantMarket\PlantMarketClient\dist\out-tsc\app\components\admin-dialogd\add-new-plant\add-new-plant.component.spec.js.map
C:\Users\stas1\OneDrive\Рабочий стол\git\prj\PlantMarket\PlantMarketClient\dist\out-tsc\app\components\edit-profile\edit-profile.component.spec.js
C:\Users\stas1\OneDrive\Рабочий стол\git\prj\PlantMarket\PlantMarketClient\dist\out-tsc\app\components\edit-profile\edit-profile.component.spec.js.map
C:\Users\stas1\OneDrive\Рабочий стол\git\prj\PlantMarket\PlantMarketClient\dist\out-tsc\app\components\home\home.component.spec.js
C:\Users\stas1\OneDrive\Рабочий стол\git\prj\PlantMarket\PlantMarketClient\dist\out-tsc\app\components\home\home.component.spec.js.map
C:\Users\stas1\OneDrive\Рабочий стол\git\prj\PlantMarket\PlantMarketClient\dist\out-tsc\app\components\list-of-plants\list-of-plants.component.spec.js
C:\Users\stas1\OneDrive\Рабочий стол\git\prj\PlantMarket\PlantMarketClient\dist\out-tsc\app\components\list-of-plants\list-of-plants.component.spec.js.map
C:\Users\stas1\OneDrive\Рабочий стол\git\prj\PlantMarket\PlantMarketClient\dist\out-tsc\app\components\nav\nav.component.spec.js
C:\Users\stas1\OneDrive\Рабочий стол\git\prj\PlantMarket\PlantMarketClient\dist\out-tsc\app\components\nav\nav.component.spec.js.map
C:\Users\stas1\OneDrive\Рабочий стол\git\prj\PlantMarket\PlantMarketClient\dist\out-tsc\app\components\order\order.component.spec.js
C:\Users\stas1\OneDrive\Рабочий стол\git\prj\PlantMarket\PlantMarketClient\dist\out-tsc\app\components\order\order.component.spec.js.map
C:\Users\stas1\OneDrive\Рабочий стол\git\prj\PlantMarket\PlantMarketClient\dist\out-tsc\app\components\plant\plant.component.spec.js
C:\Users\stas1\OneDrive\Рабочий стол\git\prj\PlantMarket\PlantMarketClient\dist\out-tsc\app\components\plant\plant.component.spec.js.map
C:\Users\stas1\OneDrive\Рабочий стол\git\prj\PlantMarket\PlantMarketClient\dist\out-tsc\app\components\shopcart\shopcart.component.spec.js
C:\Users\stas1\OneDrive\Рабочий стол\git\prj\PlantMarket\PlantMarketClient\dist\out-tsc\app\components\shopcart\shopcart.component.spec.js.map
C:\Users\stas1\OneDrive\Рабочий стол\git\prj\PlantMarket\PlantMarketClient\dist\out-tsc\app\services\category.service.spec.js
C:\Users\stas1\OneDrive\Рабочий стол\git\prj\PlantMarket\PlantMarketClient\dist\out-tsc\app\services\category.service.spec.js.map
C:\Users\stas1\OneDrive\Рабочий стол\git\prj\PlantMarket\PlantMarketClient\dist\out-tsc\app\services\check-auth.service.spec.js
C:\Users\stas1\OneDrive\Рабочий стол\git\prj\PlantMarket\PlantMarketClient\dist\out-tsc\app\services\check-auth.service.spec.js.map
C:\Users\stas1\OneDrive\Рабочий стол\git\prj\PlantMarket\PlantMarketClient\dist\out-tsc\app\services\order.service.spec.js
C:\Users\stas1\OneDrive\Рабочий стол\git\prj\PlantMarket\PlantMarketClient\dist\out-tsc\app\services\order.service.spec.js.map
C:\Users\stas1\OneDrive\Рабочий стол\git\prj\PlantMarket\PlantMarketClient\dist\out-tsc\app\services\plant.service.spec.js
C:\Users\stas1\OneDrive\Рабочий стол\git\prj\PlantMarket\PlantMarketClient\dist\out-tsc\app\services\plant.service.spec.js.map
C:\Users\stas1\OneDrive\Рабочий стол\git\prj\PlantMarket\PlantMarketClient\dist\out-tsc\app\services\shop-cart.service.spec.js
C:\Users\stas1\OneDrive\Рабочий стол\git\prj\PlantMarket\PlantMarketClient\dist\out-tsc\app\services\shop-cart.service.spec.js.map
C:\Users\stas1\OneDrive\Рабочий стол\git\prj\PlantMarket\PlantMarketClient\dist\out-tsc\app\services\user.service.spec.js
C:\Users\stas1\OneDrive\Рабочий стол\git\prj\PlantMarket\PlantMarketClient\dist\out-tsc\app\services\user.service.spec.js.map
C:\Users\stas1\OneDrive\Рабочий стол\git\prj\PlantMarket\PlantMarketClient\dist\out-tsc\environments\environment.prod.js
C:\Users\stas1\OneDrive\Рабочий стол\git\prj\PlantMarket\PlantMarketClient\dist\out-tsc\environments\environment.prod.js.map
